nohup: ignoring input
2025-01-13 00:26:42,471 - __main__ - INFO - Starting experiment with args: Namespace(model='tcn', dataset='milano', channel_independence=False, optimize=True, n_trials=20, visualize=False, output_dir='outputs', log_dir='logs')
2025-01-13 00:26:42,518 - __main__ - INFO - Loading and processing data...
2025-01-13 00:26:42,545 - __main__ - INFO - Starting hyperparameter optimization for tcn...
[I 2025-01-13 00:26:43,299] A new study created in RDB with name: tcn_milano_20250113_002642
[I 2025-01-13 00:26:43,556] A new study created in RDB with name: tcn_milano_20250113_002642
2025-01-13 00:26:43,562 - HyperOptimizer - INFO - Starting hyperparameter optimization with 20 trials
2025-01-13 00:26:43,562 - HyperOptimizer - INFO - Channel independence mode: False
/home/work/anaconda3/envs/CD_survey/lib/python3.10/site-packages/optuna/distributions.py:524: UserWarning: Choices for a categorical distribution should be a tuple of None, bool, int, float and str for persistent storage but contains (32, 64, 64) which is of type tuple.
  warnings.warn(message)
/home/work/anaconda3/envs/CD_survey/lib/python3.10/site-packages/optuna/distributions.py:524: UserWarning: Choices for a categorical distribution should be a tuple of None, bool, int, float and str for persistent storage but contains (16, 32, 32) which is of type tuple.
  warnings.warn(message)
/home/work/anaconda3/envs/CD_survey/lib/python3.10/site-packages/optuna/distributions.py:524: UserWarning: Choices for a categorical distribution should be a tuple of None, bool, int, float and str for persistent storage but contains (64, 128, 128) which is of type tuple.
  warnings.warn(message)
2025-01-13 00:26:43,726 - HyperOptimizer - INFO - Sampled parameters for trial 0:
2025-01-13 00:26:43,726 - HyperOptimizer - INFO -   num_channels: (32, 64, 64)
2025-01-13 00:26:43,726 - HyperOptimizer - INFO -   kernel_size: 5
2025-01-13 00:26:43,727 - HyperOptimizer - INFO -   dropout: 0.3
2025-01-13 00:26:43,727 - HyperOptimizer - INFO -   channel_independence: False
2025-01-13 00:26:43,727 - HyperOptimizer - INFO -   batch_size: 32
2025-01-13 00:26:43,727 - HyperOptimizer - INFO -   learning_rate: 0.0005
2025-01-13 00:26:43,728 - HyperOptimizer - INFO -   optimizer: Adam
2025-01-13 00:26:43,728 - HyperOptimizer - INFO -   weight_decay: 0.001
2025-01-13 00:26:43,728 - HyperOptimizer - INFO - Initializing model for trial 0
/home/work/anaconda3/envs/CD_survey/lib/python3.10/site-packages/torch/optim/lr_scheduler.py:62: UserWarning: The verbose parameter is deprecated. Please use get_last_lr() to access the learning rate.
  warnings.warn(
2025-01-13 00:26:45,626 - INFO - Starting training...
2025-01-13 00:32:27,775 - INFO - Epoch 1/10 - train_loss: 0.8092 - val_loss: 0.5484
2025-01-13 00:32:27,795 - INFO - Saved checkpoint to checkpoints/checkpoint_epoch_1.pt
2025-01-13 00:32:27,811 - INFO - Saved checkpoint to checkpoints/best_model.pt
2025-01-13 00:38:09,406 - INFO - Epoch 2/10 - train_loss: 0.5841 - val_loss: 0.5244
2025-01-13 00:38:09,425 - INFO - Saved checkpoint to checkpoints/checkpoint_epoch_2.pt
2025-01-13 00:38:09,447 - INFO - Saved checkpoint to checkpoints/best_model.pt
2025-01-13 00:43:52,433 - INFO - Epoch 3/10 - train_loss: 0.5674 - val_loss: 0.5238
2025-01-13 00:43:52,456 - INFO - Saved checkpoint to checkpoints/checkpoint_epoch_3.pt
2025-01-13 00:43:52,476 - INFO - Saved checkpoint to checkpoints/best_model.pt
2025-01-13 00:49:35,755 - INFO - Epoch 4/10 - train_loss: 0.5455 - val_loss: 0.5110
2025-01-13 00:49:35,781 - INFO - Saved checkpoint to checkpoints/checkpoint_epoch_4.pt
2025-01-13 00:49:35,800 - INFO - Saved checkpoint to checkpoints/best_model.pt
2025-01-13 00:55:18,687 - INFO - Epoch 5/10 - train_loss: 0.5719 - val_loss: 0.5387
2025-01-13 00:55:18,709 - INFO - Saved checkpoint to checkpoints/checkpoint_epoch_5.pt
2025-01-13 01:01:01,930 - INFO - Epoch 6/10 - train_loss: 0.5724 - val_loss: 0.5512
2025-01-13 01:01:01,957 - INFO - Saved checkpoint to checkpoints/checkpoint_epoch_6.pt
2025-01-13 01:06:45,015 - INFO - Epoch 7/10 - train_loss: 0.5499 - val_loss: 0.5346
2025-01-13 01:06:45,040 - INFO - Saved checkpoint to checkpoints/checkpoint_epoch_7.pt
2025-01-13 01:06:45,040 - INFO - Early stopping triggered after 7 epochs
/home/work/.default/hyunwoong/Channel-aware-survey/trainers/hyperopt.py:184: FutureWarning: The behavior of DataFrame concatenation with empty or all-NA entries is deprecated. In a future version, this will no longer exclude empty or all-NA columns when determining the result dtypes. To retain the old behavior, exclude the relevant entries before the concat operation.
  self.results_df = pd.concat([
/home/work/anaconda3/envs/CD_survey/lib/python3.10/site-packages/optuna/distributions.py:524: UserWarning: Choices for a categorical distribution should be a tuple of None, bool, int, float and str for persistent storage but contains [32, 64, 64] which is of type list.
  warnings.warn(message)
/home/work/anaconda3/envs/CD_survey/lib/python3.10/site-packages/optuna/distributions.py:524: UserWarning: Choices for a categorical distribution should be a tuple of None, bool, int, float and str for persistent storage but contains [16, 32, 32] which is of type list.
  warnings.warn(message)
/home/work/anaconda3/envs/CD_survey/lib/python3.10/site-packages/optuna/distributions.py:524: UserWarning: Choices for a categorical distribution should be a tuple of None, bool, int, float and str for persistent storage but contains [64, 128, 128] which is of type list.
  warnings.warn(message)
[I 2025-01-13 01:07:16,302] Trial 0 finished with value: 0.5109960241959646 and parameters: {'num_channels': [32, 64, 64], 'kernel_size': 5, 'dropout': 0.3, 'batch_size': 32, 'learning_rate': 0.0005, 'optimizer': 'Adam', 'weight_decay': 0.001}. Best is trial 0 with value: 0.5109960241959646.
/home/work/anaconda3/envs/CD_survey/lib/python3.10/site-packages/optuna/distributions.py:524: UserWarning: Choices for a categorical distribution should be a tuple of None, bool, int, float and str for persistent storage but contains (32, 64, 64) which is of type tuple.
  warnings.warn(message)
/home/work/anaconda3/envs/CD_survey/lib/python3.10/site-packages/optuna/distributions.py:524: UserWarning: Choices for a categorical distribution should be a tuple of None, bool, int, float and str for persistent storage but contains (16, 32, 32) which is of type tuple.
  warnings.warn(message)
/home/work/anaconda3/envs/CD_survey/lib/python3.10/site-packages/optuna/distributions.py:524: UserWarning: Choices for a categorical distribution should be a tuple of None, bool, int, float and str for persistent storage but contains (64, 128, 128) which is of type tuple.
  warnings.warn(message)
2025-01-13 01:07:16,459 - HyperOptimizer - INFO - Sampled parameters for trial 1:
2025-01-13 01:07:16,460 - HyperOptimizer - INFO -   num_channels: (64, 128, 128)
2025-01-13 01:07:16,460 - HyperOptimizer - INFO -   kernel_size: 3
2025-01-13 01:07:16,460 - HyperOptimizer - INFO -   dropout: 0.2
2025-01-13 01:07:16,460 - HyperOptimizer - INFO -   channel_independence: False
2025-01-13 01:07:16,460 - HyperOptimizer - INFO -   batch_size: 32
2025-01-13 01:07:16,460 - HyperOptimizer - INFO -   learning_rate: 0.005
2025-01-13 01:07:16,460 - HyperOptimizer - INFO -   optimizer: Adam
2025-01-13 01:07:16,460 - HyperOptimizer - INFO -   weight_decay: 0.0001
2025-01-13 01:07:16,460 - HyperOptimizer - INFO - Initializing model for trial 1
/home/work/anaconda3/envs/CD_survey/lib/python3.10/site-packages/torch/optim/lr_scheduler.py:62: UserWarning: The verbose parameter is deprecated. Please use get_last_lr() to access the learning rate.
  warnings.warn(
2025-01-13 01:07:16,468 - INFO - Starting training...
2025-01-13 01:18:04,237 - INFO - Epoch 1/10 - train_loss: 0.6494 - val_loss: 0.5483
2025-01-13 01:18:04,257 - INFO - Saved checkpoint to checkpoints/checkpoint_epoch_1.pt
2025-01-13 01:18:04,278 - INFO - Saved checkpoint to checkpoints/best_model.pt
2025-01-13 01:28:51,342 - INFO - Epoch 2/10 - train_loss: 0.5970 - val_loss: 0.5329
2025-01-13 01:28:51,365 - INFO - Saved checkpoint to checkpoints/checkpoint_epoch_2.pt
2025-01-13 01:28:51,385 - INFO - Saved checkpoint to checkpoints/best_model.pt
2025-01-13 01:39:38,180 - INFO - Epoch 3/10 - train_loss: 0.5341 - val_loss: 0.5383
2025-01-13 01:39:38,208 - INFO - Saved checkpoint to checkpoints/checkpoint_epoch_3.pt
2025-01-13 01:50:25,379 - INFO - Epoch 4/10 - train_loss: 0.8297 - val_loss: 0.9552
2025-01-13 01:50:25,405 - INFO - Saved checkpoint to checkpoints/checkpoint_epoch_4.pt
2025-01-13 02:01:13,504 - INFO - Epoch 5/10 - train_loss: 0.8740 - val_loss: 0.5368
2025-01-13 02:01:13,529 - INFO - Saved checkpoint to checkpoints/checkpoint_epoch_5.pt
2025-01-13 02:01:13,529 - INFO - Early stopping triggered after 5 epochs
/home/work/anaconda3/envs/CD_survey/lib/python3.10/site-packages/optuna/distributions.py:524: UserWarning: Choices for a categorical distribution should be a tuple of None, bool, int, float and str for persistent storage but contains [32, 64, 64] which is of type list.
  warnings.warn(message)
/home/work/anaconda3/envs/CD_survey/lib/python3.10/site-packages/optuna/distributions.py:524: UserWarning: Choices for a categorical distribution should be a tuple of None, bool, int, float and str for persistent storage but contains [16, 32, 32] which is of type list.
  warnings.warn(message)
/home/work/anaconda3/envs/CD_survey/lib/python3.10/site-packages/optuna/distributions.py:524: UserWarning: Choices for a categorical distribution should be a tuple of None, bool, int, float and str for persistent storage but contains [64, 128, 128] which is of type list.
  warnings.warn(message)
[I 2025-01-13 02:02:15,533] Trial 1 finished with value: 0.5329314573453023 and parameters: {'num_channels': [64, 128, 128], 'kernel_size': 3, 'dropout': 0.2, 'batch_size': 32, 'learning_rate': 0.005, 'optimizer': 'Adam', 'weight_decay': 0.0001}. Best is trial 0 with value: 0.5109960241959646.
/home/work/anaconda3/envs/CD_survey/lib/python3.10/site-packages/optuna/distributions.py:524: UserWarning: Choices for a categorical distribution should be a tuple of None, bool, int, float and str for persistent storage but contains (32, 64, 64) which is of type tuple.
  warnings.warn(message)
/home/work/anaconda3/envs/CD_survey/lib/python3.10/site-packages/optuna/distributions.py:524: UserWarning: Choices for a categorical distribution should be a tuple of None, bool, int, float and str for persistent storage but contains (16, 32, 32) which is of type tuple.
  warnings.warn(message)
/home/work/anaconda3/envs/CD_survey/lib/python3.10/site-packages/optuna/distributions.py:524: UserWarning: Choices for a categorical distribution should be a tuple of None, bool, int, float and str for persistent storage but contains (64, 128, 128) which is of type tuple.
  warnings.warn(message)
2025-01-13 02:02:15,696 - HyperOptimizer - INFO - Sampled parameters for trial 2:
2025-01-13 02:02:15,697 - HyperOptimizer - INFO -   num_channels: (64, 128, 128)
2025-01-13 02:02:15,697 - HyperOptimizer - INFO -   kernel_size: 4
2025-01-13 02:02:15,697 - HyperOptimizer - INFO -   dropout: 0.1
2025-01-13 02:02:15,697 - HyperOptimizer - INFO -   channel_independence: False
2025-01-13 02:02:15,697 - HyperOptimizer - INFO -   batch_size: 32
2025-01-13 02:02:15,697 - HyperOptimizer - INFO -   learning_rate: 0.005
2025-01-13 02:02:15,697 - HyperOptimizer - INFO -   optimizer: RMSprop
2025-01-13 02:02:15,697 - HyperOptimizer - INFO -   weight_decay: 0.001
2025-01-13 02:02:15,698 - HyperOptimizer - INFO - Initializing model for trial 2
/home/work/anaconda3/envs/CD_survey/lib/python3.10/site-packages/torch/optim/lr_scheduler.py:62: UserWarning: The verbose parameter is deprecated. Please use get_last_lr() to access the learning rate.
  warnings.warn(
2025-01-13 02:02:15,706 - INFO - Starting training...
2025-01-13 02:13:04,287 - INFO - Epoch 1/10 - train_loss: 0.6859 - val_loss: 0.5303
2025-01-13 02:13:04,313 - INFO - Saved checkpoint to checkpoints/checkpoint_epoch_1.pt
2025-01-13 02:13:04,337 - INFO - Saved checkpoint to checkpoints/best_model.pt
2025-01-13 02:23:53,094 - INFO - Epoch 2/10 - train_loss: 0.4932 - val_loss: 0.4503
2025-01-13 02:23:53,118 - INFO - Saved checkpoint to checkpoints/checkpoint_epoch_2.pt
2025-01-13 02:23:53,142 - INFO - Saved checkpoint to checkpoints/best_model.pt
2025-01-13 02:34:41,439 - INFO - Epoch 3/10 - train_loss: 0.5248 - val_loss: 0.4984
2025-01-13 02:34:41,538 - INFO - Saved checkpoint to checkpoints/checkpoint_epoch_3.pt
2025-01-13 02:45:30,014 - INFO - Epoch 4/10 - train_loss: 0.4881 - val_loss: 0.5003
2025-01-13 02:45:30,044 - INFO - Saved checkpoint to checkpoints/checkpoint_epoch_4.pt
2025-01-13 02:56:18,386 - INFO - Epoch 5/10 - train_loss: 0.5459 - val_loss: 0.5178
2025-01-13 02:56:18,411 - INFO - Saved checkpoint to checkpoints/checkpoint_epoch_5.pt
2025-01-13 02:56:18,411 - INFO - Early stopping triggered after 5 epochs
/home/work/anaconda3/envs/CD_survey/lib/python3.10/site-packages/optuna/distributions.py:524: UserWarning: Choices for a categorical distribution should be a tuple of None, bool, int, float and str for persistent storage but contains [32, 64, 64] which is of type list.
  warnings.warn(message)
/home/work/anaconda3/envs/CD_survey/lib/python3.10/site-packages/optuna/distributions.py:524: UserWarning: Choices for a categorical distribution should be a tuple of None, bool, int, float and str for persistent storage but contains [16, 32, 32] which is of type list.
  warnings.warn(message)
/home/work/anaconda3/envs/CD_survey/lib/python3.10/site-packages/optuna/distributions.py:524: UserWarning: Choices for a categorical distribution should be a tuple of None, bool, int, float and str for persistent storage but contains [64, 128, 128] which is of type list.
  warnings.warn(message)
[I 2025-01-13 02:57:19,914] Trial 2 finished with value: 0.45025115975966823 and parameters: {'num_channels': [64, 128, 128], 'kernel_size': 4, 'dropout': 0.1, 'batch_size': 32, 'learning_rate': 0.005, 'optimizer': 'RMSprop', 'weight_decay': 0.001}. Best is trial 2 with value: 0.45025115975966823.
/home/work/anaconda3/envs/CD_survey/lib/python3.10/site-packages/optuna/distributions.py:524: UserWarning: Choices for a categorical distribution should be a tuple of None, bool, int, float and str for persistent storage but contains (32, 64, 64) which is of type tuple.
  warnings.warn(message)
/home/work/anaconda3/envs/CD_survey/lib/python3.10/site-packages/optuna/distributions.py:524: UserWarning: Choices for a categorical distribution should be a tuple of None, bool, int, float and str for persistent storage but contains (16, 32, 32) which is of type tuple.
  warnings.warn(message)
/home/work/anaconda3/envs/CD_survey/lib/python3.10/site-packages/optuna/distributions.py:524: UserWarning: Choices for a categorical distribution should be a tuple of None, bool, int, float and str for persistent storage but contains (64, 128, 128) which is of type tuple.
  warnings.warn(message)
2025-01-13 02:57:20,062 - HyperOptimizer - INFO - Sampled parameters for trial 3:
2025-01-13 02:57:20,062 - HyperOptimizer - INFO -   num_channels: (16, 32, 32)
2025-01-13 02:57:20,062 - HyperOptimizer - INFO -   kernel_size: 2
2025-01-13 02:57:20,062 - HyperOptimizer - INFO -   dropout: 0.4
2025-01-13 02:57:20,062 - HyperOptimizer - INFO -   channel_independence: False
2025-01-13 02:57:20,062 - HyperOptimizer - INFO -   batch_size: 32
2025-01-13 02:57:20,062 - HyperOptimizer - INFO -   learning_rate: 0.0005
2025-01-13 02:57:20,062 - HyperOptimizer - INFO -   optimizer: Adam
2025-01-13 02:57:20,062 - HyperOptimizer - INFO -   weight_decay: 0.0001
2025-01-13 02:57:20,063 - HyperOptimizer - INFO - Initializing model for trial 3
/home/work/anaconda3/envs/CD_survey/lib/python3.10/site-packages/torch/optim/lr_scheduler.py:62: UserWarning: The verbose parameter is deprecated. Please use get_last_lr() to access the learning rate.
  warnings.warn(
2025-01-13 02:57:20,069 - INFO - Starting training...
2025-01-13 03:00:29,066 - INFO - Epoch 1/10 - train_loss: 0.9852 - val_loss: 0.8849
2025-01-13 03:00:29,083 - INFO - Saved checkpoint to checkpoints/checkpoint_epoch_1.pt
2025-01-13 03:00:29,096 - INFO - Saved checkpoint to checkpoints/best_model.pt
2025-01-13 03:03:37,996 - INFO - Epoch 2/10 - train_loss: 0.7380 - val_loss: 0.6091
2025-01-13 03:03:38,012 - INFO - Saved checkpoint to checkpoints/checkpoint_epoch_2.pt
2025-01-13 03:03:38,025 - INFO - Saved checkpoint to checkpoints/best_model.pt
2025-01-13 03:06:46,939 - INFO - Epoch 3/10 - train_loss: 0.6663 - val_loss: 0.5773
2025-01-13 03:06:46,954 - INFO - Saved checkpoint to checkpoints/checkpoint_epoch_3.pt
2025-01-13 03:06:46,967 - INFO - Saved checkpoint to checkpoints/best_model.pt
2025-01-13 03:09:55,771 - INFO - Epoch 4/10 - train_loss: 0.6466 - val_loss: 0.5801
2025-01-13 03:09:55,788 - INFO - Saved checkpoint to checkpoints/checkpoint_epoch_4.pt
2025-01-13 03:13:04,601 - INFO - Epoch 5/10 - train_loss: 0.6340 - val_loss: 0.5792
2025-01-13 03:13:04,617 - INFO - Saved checkpoint to checkpoints/checkpoint_epoch_5.pt
2025-01-13 03:16:13,461 - INFO - Epoch 6/10 - train_loss: 0.6280 - val_loss: 0.5708
2025-01-13 03:16:13,475 - INFO - Saved checkpoint to checkpoints/checkpoint_epoch_6.pt
2025-01-13 03:16:13,487 - INFO - Saved checkpoint to checkpoints/best_model.pt
2025-01-13 03:19:22,393 - INFO - Epoch 7/10 - train_loss: 0.6245 - val_loss: 0.5756
2025-01-13 03:19:22,409 - INFO - Saved checkpoint to checkpoints/checkpoint_epoch_7.pt
2025-01-13 03:22:31,299 - INFO - Epoch 8/10 - train_loss: 0.6271 - val_loss: 0.5859
2025-01-13 03:22:31,315 - INFO - Saved checkpoint to checkpoints/checkpoint_epoch_8.pt
2025-01-13 03:25:40,247 - INFO - Epoch 9/10 - train_loss: 0.6184 - val_loss: 0.5893
2025-01-13 03:25:40,263 - INFO - Saved checkpoint to checkpoints/checkpoint_epoch_9.pt
2025-01-13 03:25:40,263 - INFO - Early stopping triggered after 9 epochs
/home/work/anaconda3/envs/CD_survey/lib/python3.10/site-packages/optuna/distributions.py:524: UserWarning: Choices for a categorical distribution should be a tuple of None, bool, int, float and str for persistent storage but contains [32, 64, 64] which is of type list.
  warnings.warn(message)
/home/work/anaconda3/envs/CD_survey/lib/python3.10/site-packages/optuna/distributions.py:524: UserWarning: Choices for a categorical distribution should be a tuple of None, bool, int, float and str for persistent storage but contains [16, 32, 32] which is of type list.
  warnings.warn(message)
/home/work/anaconda3/envs/CD_survey/lib/python3.10/site-packages/optuna/distributions.py:524: UserWarning: Choices for a categorical distribution should be a tuple of None, bool, int, float and str for persistent storage but contains [64, 128, 128] which is of type list.
  warnings.warn(message)
[I 2025-01-13 03:25:56,313] Trial 3 finished with value: 0.5707858376778089 and parameters: {'num_channels': [16, 32, 32], 'kernel_size': 2, 'dropout': 0.4, 'batch_size': 32, 'learning_rate': 0.0005, 'optimizer': 'Adam', 'weight_decay': 0.0001}. Best is trial 2 with value: 0.45025115975966823.
/home/work/anaconda3/envs/CD_survey/lib/python3.10/site-packages/optuna/distributions.py:524: UserWarning: Choices for a categorical distribution should be a tuple of None, bool, int, float and str for persistent storage but contains (32, 64, 64) which is of type tuple.
  warnings.warn(message)
/home/work/anaconda3/envs/CD_survey/lib/python3.10/site-packages/optuna/distributions.py:524: UserWarning: Choices for a categorical distribution should be a tuple of None, bool, int, float and str for persistent storage but contains (16, 32, 32) which is of type tuple.
  warnings.warn(message)
/home/work/anaconda3/envs/CD_survey/lib/python3.10/site-packages/optuna/distributions.py:524: UserWarning: Choices for a categorical distribution should be a tuple of None, bool, int, float and str for persistent storage but contains (64, 128, 128) which is of type tuple.
  warnings.warn(message)
2025-01-13 03:25:56,461 - HyperOptimizer - INFO - Sampled parameters for trial 4:
2025-01-13 03:25:56,461 - HyperOptimizer - INFO -   num_channels: (64, 128, 128)
2025-01-13 03:25:56,461 - HyperOptimizer - INFO -   kernel_size: 3
2025-01-13 03:25:56,461 - HyperOptimizer - INFO -   dropout: 0.2
2025-01-13 03:25:56,461 - HyperOptimizer - INFO -   channel_independence: False
2025-01-13 03:25:56,461 - HyperOptimizer - INFO -   batch_size: 32
2025-01-13 03:25:56,461 - HyperOptimizer - INFO -   learning_rate: 0.001
2025-01-13 03:25:56,462 - HyperOptimizer - INFO -   optimizer: RMSprop
2025-01-13 03:25:56,462 - HyperOptimizer - INFO -   weight_decay: 0.001
2025-01-13 03:25:56,462 - HyperOptimizer - INFO - Initializing model for trial 4
/home/work/anaconda3/envs/CD_survey/lib/python3.10/site-packages/torch/optim/lr_scheduler.py:62: UserWarning: The verbose parameter is deprecated. Please use get_last_lr() to access the learning rate.
  warnings.warn(
2025-01-13 03:25:56,470 - INFO - Starting training...
2025-01-13 03:36:45,260 - INFO - Epoch 1/10 - train_loss: 0.7221 - val_loss: 0.5140
2025-01-13 03:36:45,282 - INFO - Saved checkpoint to checkpoints/checkpoint_epoch_1.pt
2025-01-13 03:36:45,299 - INFO - Saved checkpoint to checkpoints/best_model.pt
2025-01-13 03:49:58,998 - INFO - Epoch 2/10 - train_loss: 0.5346 - val_loss: 0.5255
2025-01-13 03:49:59,019 - INFO - Saved checkpoint to checkpoints/checkpoint_epoch_2.pt
2025-01-13 04:00:46,387 - INFO - Epoch 3/10 - train_loss: 0.5128 - val_loss: 0.4677
2025-01-13 04:00:46,408 - INFO - Saved checkpoint to checkpoints/checkpoint_epoch_3.pt
2025-01-13 04:00:46,428 - INFO - Saved checkpoint to checkpoints/best_model.pt
2025-01-13 04:11:33,580 - INFO - Epoch 4/10 - train_loss: 0.5248 - val_loss: 0.5092
2025-01-13 04:11:33,603 - INFO - Saved checkpoint to checkpoints/checkpoint_epoch_4.pt
2025-01-13 04:22:20,860 - INFO - Epoch 5/10 - train_loss: 0.5266 - val_loss: 0.5020
2025-01-13 04:22:20,881 - INFO - Saved checkpoint to checkpoints/checkpoint_epoch_5.pt
2025-01-13 04:33:07,907 - INFO - Epoch 6/10 - train_loss: 0.5017 - val_loss: 0.4707
2025-01-13 04:33:07,927 - INFO - Saved checkpoint to checkpoints/checkpoint_epoch_6.pt
2025-01-13 04:33:07,927 - INFO - Early stopping triggered after 6 epochs
/home/work/anaconda3/envs/CD_survey/lib/python3.10/site-packages/optuna/distributions.py:524: UserWarning: Choices for a categorical distribution should be a tuple of None, bool, int, float and str for persistent storage but contains [32, 64, 64] which is of type list.
  warnings.warn(message)
/home/work/anaconda3/envs/CD_survey/lib/python3.10/site-packages/optuna/distributions.py:524: UserWarning: Choices for a categorical distribution should be a tuple of None, bool, int, float and str for persistent storage but contains [16, 32, 32] which is of type list.
  warnings.warn(message)
/home/work/anaconda3/envs/CD_survey/lib/python3.10/site-packages/optuna/distributions.py:524: UserWarning: Choices for a categorical distribution should be a tuple of None, bool, int, float and str for persistent storage but contains [64, 128, 128] which is of type list.
  warnings.warn(message)
[I 2025-01-13 04:34:09,517] Trial 4 finished with value: 0.4677011410777385 and parameters: {'num_channels': [64, 128, 128], 'kernel_size': 3, 'dropout': 0.2, 'batch_size': 32, 'learning_rate': 0.001, 'optimizer': 'RMSprop', 'weight_decay': 0.001}. Best is trial 2 with value: 0.45025115975966823.
/home/work/anaconda3/envs/CD_survey/lib/python3.10/site-packages/optuna/distributions.py:524: UserWarning: Choices for a categorical distribution should be a tuple of None, bool, int, float and str for persistent storage but contains (32, 64, 64) which is of type tuple.
  warnings.warn(message)
/home/work/anaconda3/envs/CD_survey/lib/python3.10/site-packages/optuna/distributions.py:524: UserWarning: Choices for a categorical distribution should be a tuple of None, bool, int, float and str for persistent storage but contains (16, 32, 32) which is of type tuple.
  warnings.warn(message)
/home/work/anaconda3/envs/CD_survey/lib/python3.10/site-packages/optuna/distributions.py:524: UserWarning: Choices for a categorical distribution should be a tuple of None, bool, int, float and str for persistent storage but contains (64, 128, 128) which is of type tuple.
  warnings.warn(message)
2025-01-13 04:34:09,684 - HyperOptimizer - INFO - Sampled parameters for trial 5:
2025-01-13 04:34:09,684 - HyperOptimizer - INFO -   num_channels: (64, 128, 128)
2025-01-13 04:34:09,684 - HyperOptimizer - INFO -   kernel_size: 3
2025-01-13 04:34:09,684 - HyperOptimizer - INFO -   dropout: 0.5
2025-01-13 04:34:09,684 - HyperOptimizer - INFO -   channel_independence: False
2025-01-13 04:34:09,684 - HyperOptimizer - INFO -   batch_size: 32
2025-01-13 04:34:09,684 - HyperOptimizer - INFO -   learning_rate: 0.0005
2025-01-13 04:34:09,684 - HyperOptimizer - INFO -   optimizer: Adam
2025-01-13 04:34:09,684 - HyperOptimizer - INFO -   weight_decay: 0.001
2025-01-13 04:34:09,685 - HyperOptimizer - INFO - Initializing model for trial 5
/home/work/anaconda3/envs/CD_survey/lib/python3.10/site-packages/torch/optim/lr_scheduler.py:62: UserWarning: The verbose parameter is deprecated. Please use get_last_lr() to access the learning rate.
  warnings.warn(
2025-01-13 04:34:09,692 - INFO - Starting training...
2025-01-13 04:45:55,537 - INFO - Epoch 1/10 - train_loss: 0.8502 - val_loss: 0.5781
2025-01-13 04:45:55,560 - INFO - Saved checkpoint to checkpoints/checkpoint_epoch_1.pt
2025-01-13 04:45:55,583 - INFO - Saved checkpoint to checkpoints/best_model.pt
2025-01-13 04:57:24,748 - INFO - Epoch 2/10 - train_loss: 0.6124 - val_loss: 0.5469
2025-01-13 04:57:24,769 - INFO - Saved checkpoint to checkpoints/checkpoint_epoch_2.pt
2025-01-13 04:57:24,790 - INFO - Saved checkpoint to checkpoints/best_model.pt
2025-01-13 05:08:12,334 - INFO - Epoch 3/10 - train_loss: 0.6356 - val_loss: 0.5669
2025-01-13 05:08:12,373 - INFO - Saved checkpoint to checkpoints/checkpoint_epoch_3.pt
